 ⚠ Warning: Next.js inferred your workspace root, but it may not be correct.
 We detected multiple lockfiles and selected the directory of G:\next\Grocery-repo\package-lock.json as the root directory.
 To silence this warning, set `outputFileTracingRoot` in your Next.js config, or consider removing one of the lockfiles if it's not needed.
   See https://nextjs.org/docs/app/api-reference/config/next-config-js/output#caveats for more information.
 Detected additional lockfiles: 
   * G:\next\Grocery-repo\apps\Grocery-frontend\package-lock.json

   ▲ Next.js 15.5.6
   - Environments: .env.local

   Creating an optimized production build ...
 ✓ Compiled successfully in 10.6s
   Linting and checking validity of types ...
 ⨯ ESLint: Config (unnamed): Key "plugins": This appears to be in eslintrc format (array of strings) rather than flat config format (object).
   Collecting page data ...
gov-Data: { hello: 'gov-world' }
gov-Data: { hello: 'gov-world' }
gov-Data: { hello: 'gov-world' }
   Generating static pages (0/15) ...
   Generating static pages (3/15) 
   Generating static pages (7/15) 
   Generating static pages (11/15) 
 ✓ Generating static pages (15/15)
   Finalizing page optimization ...
   Collecting build traces ...

Route (app)                                 Size  First Load JS  Revalidate  Expire
┌ ○ /                                    11.7 kB         136 kB          1m      1y
├ ○ /_not-found                            995 B         103 kB
├ ƒ /api/banner                            145 B         102 kB
├ ƒ /api/cart                              145 B         102 kB
├ ƒ /api/category                          145 B         102 kB
├ ƒ /api/exclusive-offers                  145 B         102 kB
├ ƒ /api/login                             145 B         102 kB
├ ƒ /api/logout                            145 B         102 kB
├ ƒ /api/me                                145 B         102 kB
├ ƒ /api/products/[categoryId]             145 B         102 kB
├ ○ /cart                                2.24 kB         134 kB
├ ○ /explore                               173 B         110 kB
├ ƒ /login                                4.4 kB         217 kB
├ ○ /logout                               1.2 kB         197 kB
└ ƒ /products/[category]                 1.87 kB         130 kB
+ First Load JS shared by all             102 kB
  ├ chunks/255-2f614fc23c25b14d.js       45.5 kB
  ├ chunks/4bd1b696-382748cc942d8a14.js  54.2 kB
  └ other shared chunks (total)          2.03 kB


ƒ Middleware                             33.2 kB

○  (Static)   prerendered as static content
ƒ  (Dynamic)  server-rendered on demand

